Arguments: 
  /usr/local/bin/node /usr/local/Cellar/yarn/1.5.1_1/libexec/bin/yarn.js tsc

PATH: 
  /Users/softmarshmallow/development/google-cloud-sdk/bin:/Library/Frameworks/Python.framework/Versions/3.8/bin:/usr/local/bin:/usr/bin:/bin:/usr/sbin:/sbin:/Applications/VMware Fusion.app/Contents/Public:/usr/local/go/bin:/usr/local/share/dotnet:/Library/Apple/usr/bin:/Library/Frameworks/Mono.framework/Versions/Current/Commands:/Users/softmarshmallow/development/flutter/bin:/Users/softmarshmallow/.pub-cache/bin

Yarn version: 
  1.5.1

Node version: 
  12.18.3

Platform: 
  darwin x64

npm manifest: 
  {
    "name": "@bridged.io/remote-ui-core",
    "version": "0.0.26",
    "private": false,
    "main": "./dist/index.js",
    "types": "./dist/index.d.ts",
    "license": "MIT",
    "repository": "https://github.com/softmarshmallow/remote-ui",
    "scripts": {
      "examples": "ts-node lib/examples/routes.ts",
      "prepublish": "tsc"
    },
    "dependencies": {
      "mustache": "^4.0.1",
      "url-pattern": "^1.0.3"
    },
    "devDependencies": {
      "typescript": "^3.8.3",
      "@types/node": "^14.0.27"
    },
    "files": [
      "LICENSE",
      "README.md",
      "tsconfig.json",
      "dist/"
    ]
  }

yarn manifest: 
  No manifest

Lockfile: 
  # THIS IS AN AUTOGENERATED FILE. DO NOT EDIT THIS FILE DIRECTLY.
  # yarn lockfile v1
  
  
  "@types/node@^14.0.27":
    version "14.0.27"
    resolved "https://registry.yarnpkg.com/@types/node/-/node-14.0.27.tgz#a151873af5a5e851b51b3b065c9e63390a9e0eb1"
  
  mustache@^4.0.1:
    version "4.0.1"
    resolved "https://registry.yarnpkg.com/mustache/-/mustache-4.0.1.tgz#d99beb031701ad433338e7ea65e0489416c854a2"
  
  typescript@^3.8.3:
    version "3.8.3"
    resolved "https://registry.yarnpkg.com/typescript/-/typescript-3.8.3.tgz#409eb8544ea0335711205869ec458ab109ee1061"
  
  url-pattern@^1.0.3:
    version "1.0.3"
    resolved "https://registry.yarnpkg.com/url-pattern/-/url-pattern-1.0.3.tgz#0409292471b24f23c50d65a47931793d2b5acfc1"

Trace: 
  Error: Command failed.
  Exit code: 1
  Command: sh
  Arguments: -c /Users/softmarshmallow/Documents/Apps/bridged/remote-ui/core/node_modules/.bin/tsc
  Directory: /Users/softmarshmallow/Documents/Apps/bridged/remote-ui/core
  Output:
  
      at ProcessTermError.MessageError (/usr/local/Cellar/yarn/1.5.1_1/libexec/lib/cli.js:186:110)
      at new ProcessTermError (/usr/local/Cellar/yarn/1.5.1_1/libexec/lib/cli.js:226:113)
      at ChildProcess.<anonymous> (/usr/local/Cellar/yarn/1.5.1_1/libexec/lib/cli.js:30281:17)
      at ChildProcess.emit (events.js:315:20)
      at maybeClose (internal/child_process.js:1021:16)
      at Process.ChildProcess._handle.onexit (internal/child_process.js:286:5)
